[12:22:52] [Server thread/INFO]: Starting minecraft server version 1.7.10
[12:23:01] [Server thread/INFO]: Loading properties
[12:23:02] [Server thread/INFO]: Default game type: SURVIVAL
[12:23:02] [Server thread/INFO]: Generating keypair
[12:23:02] [Server thread/INFO]: Starting Minecraft server on *:25565
[12:23:03] [Server thread/WARN]: **** SERVER IS RUNNING IN OFFLINE/INSECURE MODE!
[12:23:03] [Server thread/WARN]: The server will make no attempt to authenticate usernames. Beware.
[12:23:03] [Server thread/WARN]: While this makes the game possible to play without internet access, it also opens up the ability for hackers to connect with any username they choose.
[12:23:03] [Server thread/WARN]: To change this, set "online-mode" to "true" in the server.properties file.
[12:23:03] [Server thread/INFO]: Preparing level "world"
[12:23:04] [Server thread/INFO]: Preparing start region for level 0
[12:23:05] [Server thread/INFO]: Preparing spawn area: 44%
[12:23:05] [Server thread/INFO]: Done (2,294s)! For help, type "help" or "?"
[12:23:43] [Server thread/INFO]: Player423[/127.0.0.1:54081] logged in with entity id 0 at (-762.5, 4.0, 209.5)
[12:23:43] [Server thread/INFO]: Player423 joined the game
[12:25:30] [Server thread/INFO]: Stopping server
[12:25:30] [Server thread/INFO]: Saving players
[12:25:30] [Server thread/INFO]: Saving worlds
[12:25:30] [Server thread/INFO]: Saving chunks for level 'world'/Overworld
[12:25:30] [Server thread/INFO]: Saving chunks for level 'world'/Nether
[12:25:30] [Server thread/INFO]: Saving chunks for level 'world'/The End
Default, FMLFileResourcePack:Forge Mod Loader, FMLFileResourcePack:Minecraft Forge, FMLFileResourcePack:BetterChat
[12:23:36] [Client thread/INFO]: Created: 512x256 textures/blocks-atlas
[12:23:36] [Client thread/INFO]: Created: 256x256 textures/items-atlas
[12:23:37] [Sound Library Loader/INFO]: Sound engine started
[12:23:42] [Client thread/INFO]: Connecting to localhost, 25565
[12:23:46] [Client thread/INFO]: [CHAT] §r <Player423>: test
[12:26:12] [Client thread/INFO]: Stopping!
[12:26:28] [Server thread/INFO]: Starting minecraft server version 1.7.10
