[23:11:27] [Server thread/INFO]: Starting minecraft server version 1.7.10
[23:11:39] [Server thread/INFO]: Loading properties
[23:11:39] [Server thread/INFO]: Default game type: SURVIVAL
[23:11:39] [Server thread/INFO]: Generating keypair
[23:11:39] [Server thread/INFO]: Starting Minecraft server on *:25565
[23:11:39] [Server thread/WARN]: **** SERVER IS RUNNING IN OFFLINE/INSECURE MODE!
[23:11:39] [Server thread/WARN]: The server will make no attempt to authenticate usernames. Beware.
[23:11:39] [Server thread/WARN]: While this makes the game possible to play without internet access, it also opens up the ability for hackers to connect with any username they choose.
[23:11:39] [Server thread/WARN]: To change this, set "online-mode" to "true" in the server.properties file.
[23:11:40] [Server thread/INFO]: Preparing level "world"
[23:11:40] [Server thread/INFO]: Preparing start region for level 0
[23:11:40] [Server thread/INFO]: Done (0,612s)! For help, type "help" or "?"
[23:12:29] [Server thread/INFO]: Player431[/127.0.0.1:50160] logged in with entity id 0 at (-760.5, 4.0, 206.5)
[23:12:29] [Server thread/INFO]: Player431 joined the game
[23:13:20] [Server thread/WARN]: Can't keep up! Did the system time change, or is the server overloaded? Running 48505ms behind, skipping 970 tick(s)
[23:13:20] [Server thread/INFO]: Player431 lost connection: TextComponent{text='Disconnected', siblings=[], style=Style{hasParent=false, color=null, bold=null, italic=null, underlined=null, obfuscated=null, clickEvent=null, hoverEvent=null}}
[23:13:20] [Server thread/INFO]: Player431 left the game
[23:13:23] [Server thread/INFO]: Stopping the server
[23:13:23] [Server thread/INFO]: Stopping server
[23:13:23] [Server thread/INFO]: Saving players
[23:13:23] [Server thread/INFO]: Saving worlds
[23:13:23] [Server thread/INFO]: Saving chunks for level 'world'/Overworld
[23:13:23] [Server thread/INFO]: Saving chunks for level 'world'/Nether
[23:13:23] [Server thread/INFO]: Saving chunks for level 'world'/The End

[08:33:34] [main/INFO]: Setting user: Player65
[08:33:37] [Client thread/INFO]: LWJGL Version: 2.9.1
