[22:12:08] [Server thread/INFO]: Starting minecraft server version 1.7.10
[22:12:16] [Server thread/INFO]: Loading properties
[22:12:16] [Server thread/INFO]: Default game type: SURVIVAL
[22:12:16] [Server thread/INFO]: Generating keypair
[22:12:16] [Server thread/INFO]: Starting Minecraft server on *:25565
[22:12:16] [Server thread/WARN]: **** SERVER IS RUNNING IN OFFLINE/INSECURE MODE!
[22:12:16] [Server thread/WARN]: The server will make no attempt to authenticate usernames. Beware.
[22:12:16] [Server thread/WARN]: While this makes the game possible to play without internet access, it also opens up the ability for hackers to connect with any username they choose.
[22:12:16] [Server thread/WARN]: To change this, set "online-mode" to "true" in the server.properties file.
[22:12:16] [Server thread/INFO]: Preparing level "world"
[22:12:17] [Server thread/INFO]: Preparing start region for level 0
[22:12:18] [Server thread/INFO]: Done (1,352s)! For help, type "help" or "?"
[22:12:28] [Server thread/INFO]: the_master256c[/127.0.0.1:49297] logged in with entity id 10 at (125.5, 70.0, -152.5)
[22:12:28] [Server thread/INFO]: the_master256c joined the game
[22:13:04] [Server thread/INFO]: the_master256c lost connection: TextComponent{text='Disconnected', siblings=[], style=Style{hasParent=false, color=null, bold=null, italic=null, underlined=null, obfuscated=null, clickEvent=null, hoverEvent=null}}
[22:13:04] [Server thread/INFO]: the_master256c left the game
[22:13:26] [Server thread/INFO]: Stopping the server
[22:13:26] [Server thread/INFO]: Stopping server
[22:13:26] [Server thread/INFO]: Saving players
[22:13:26] [Server thread/INFO]: Saving worlds
[22:13:26] [Server thread/INFO]: Saving chunks for level 'world'/Overworld
[22:13:26] [Server thread/INFO]: Saving chunks for level 'world'/Nether
[22:13:26] [Server thread/INFO]: Saving chunks for level 'world'/The End
